Arguments: 
  /Users/chuckb/.nvm/versions/node/v16.14.2/bin/node /Users/chuckb/.yarn/bin/yarn.js

PATH: 
  /Users/chuckb/.yarn/bin:/Users/chuckb/.config/yarn/global/node_modules/.bin:/Users/chuckb/.nvm/versions/node/v16.14.2/bin:/usr/local/opt/openssl/bin:/usr/local/bin:/bin:/usr/bin:/usr/sbin:/sbin:/usr/local/git/bin:/usr/texbin:/usr/X11/bin:/opt/local/bin:/opt/local/sbin:/usr/local/sbin:/Users/chuckb/bin:./node_modules/.bin:/opt/homebrew/bin:/Users/chuckb/.yarn/bin:/Users/chuckb/Library/Android/sdk/platform-tools/:/Users/chuckb/.foundry/bin

Yarn version: 
  1.22.19

Node version: 
  16.14.2

Platform: 
  darwin arm64

Trace: 
  SyntaxError: /Users/chuckb/Git/crypto/pool-together/v5-autotasks/packages/arb-liquidator/package.json: Unexpected token / in JSON at position 1063
      at JSON.parse (<anonymous>)
      at /Users/chuckb/.yarn/lib/cli.js:1629:59
      at Generator.next (<anonymous>)
      at step (/Users/chuckb/.yarn/lib/cli.js:310:30)
      at /Users/chuckb/.yarn/lib/cli.js:321:13

npm manifest: 
  {
    "name": "@pooltogether/v5-autotasks-library",
    "version": "0.0.1",
    "description": "Library of shared utils to run PoolTogether hyperstructure (v5) autotasks.",
    "author": "PoolTogether Inc.",
    "homepage": "https://github.com/pooltogether/v5-autotasks/packages/library/README.md",
    "license": "ISC",
    "main": "lib/index.js",
    "directories": {
      "lib": "lib",
      "test": "__tests__"
    },
    "files": [
      "lib"
    ],
    "repository": {
      "type": "git",
      "url": "git+https://github.com/pooltogether/v5-autotasks.git"
    },
    "scripts": {
      "build": "tsc",
      "format": "prettier --config ../../.prettierrc --ignore-path ../../.prettierignore --write \"**/*.{ts,js}\""
    },
    "bugs": {
      "url": "https://github.com/pooltogether/v5-autotasks/issues"
    },
    "dependencies": {
      "defender-relay-client": "1.37.0",
      "ethers": "5.7.2"
    }
  }

yarn manifest: 
  No manifest

Lockfile: 
  No lockfile
